<?xml version="1.0" encoding="UTF-8"?>
<!-- Generated by org.testng.reporters.JUnitReportReporter -->
<testsuite hostname="Rohitt-Reddy1" failures="0" tests="2" name="test_TestNG.day2" time="0.007" errors="0" timestamp="5 Mar 2024 21:46:57 GMT">
  <testcase classname="test_TestNG.day2" name="WebLoginCarLoan" time="0.005"/>
  <testcase classname="test_TestNG.day2" name="APILoginCarLoan" time="0.002"/>
</testsuite> <!-- test_TestNG.day2 -->
