<?xml version="1.0" encoding="UTF-8"?>
<!-- Generated by org.testng.reporters.JUnitReportReporter -->
<testsuite hostname="Rohitt-Reddy1" failures="0" tests="1" name="test_TestNG.day3" time="0.005" errors="0" timestamp="5 Mar 2024 21:46:57 GMT">
  <testcase classname="test_TestNG.day3" name="MobileLoginHomeLoan" time="0.005"/>
</testsuite> <!-- test_TestNG.day3 -->
