<?xml version="1.0" encoding="UTF-8"?>
<!-- Generated by org.testng.reporters.JUnitReportReporter -->
<testsuite hostname="Rohitt-Reddy1" failures="0" tests="1" name="testngcheck" time="0.021" errors="0" timestamp="24 Feb 2024 14:18:57 GMT">
  <testcase classname="testngcheck" name="demo" time="0.021"/>
</testsuite> <!-- testngcheck -->
