<?xml version="1.0" encoding="UTF-8"?>
<!-- Generated by org.testng.reporters.JUnitReportReporter -->
<testsuite hostname="Rohitt-Reddy1" failures="0" tests="2" name="test_TestNG.day1" time="0.024" errors="0" timestamp="5 Mar 2024 21:46:57 GMT">
  <testcase classname="test_TestNG.day1" name="demo2" time="0.004"/>
  <testcase classname="test_TestNG.day1" name="demo" time="0.020"/>
</testsuite> <!-- test_TestNG.day1 -->
