<?xml version="1.0" encoding="UTF-8"?>
<!-- Generated by org.testng.reporters.JUnitReportReporter -->
<testsuite hostname="Rohitt-Reddy1" failures="0" tests="1" name="test_TestNG.Extent_Reports" time="12.866" errors="0" timestamp="14 Mar 2024 10:49:20 GMT">
  <testcase classname="test_TestNG.Extent_Reports" name="initialDemo" time="12.866"/>
</testsuite> <!-- test_TestNG.Extent_Reports -->
